c:\users\李球安\source\repos\c++\x64\debug\vc143.pdb
c:\users\李球安\source\repos\c++\x64\debug\vc143.idb
c:\users\李球安\source\repos\c++\x64\debug\func.nativecodeanalysis.sarif
c:\users\李球安\source\repos\c++\x64\debug\func.nativecodeanalysis.xml
c:\users\李球安\source\repos\c++\x64\debug\语法.nativecodeanalysis.sarif
c:\users\李球安\source\repos\c++\x64\debug\语法.nativecodeanalysis.xml
c:\users\李球安\source\repos\c++\x64\debug\语法.obj
c:\users\李球安\source\repos\c++\x64\debug\func.obj
c:\users\李球安\source\repos\c++\x64\debug\c++.ilk
c:\users\李球安\source\repos\c++\x64\debug\c++.exe
c:\users\李球安\source\repos\c++\x64\debug\c++.pdb
c:\users\李球安\source\repos\c++\x64\debug\c++.res
c:\users\李球安\source\repos\c++\x64\debug\vc.nativecodeanalysis.all.xml
c:\users\李球安\source\repos\c++\x64\debug\c++.tlog\cl.command.1.tlog
c:\users\李球安\source\repos\c++\x64\debug\c++.tlog\cl.items.tlog
c:\users\李球安\source\repos\c++\x64\debug\c++.tlog\cl.read.1.tlog
c:\users\李球安\source\repos\c++\x64\debug\c++.tlog\cl.write.1.tlog
c:\users\李球安\source\repos\c++\x64\debug\c++.tlog\link.command.1.tlog
c:\users\李球安\source\repos\c++\x64\debug\c++.tlog\link.read.1.tlog
c:\users\李球安\source\repos\c++\x64\debug\c++.tlog\link.write.1.tlog
c:\users\李球安\source\repos\c++\x64\debug\c++.tlog\rc.command.1.tlog
c:\users\李球安\source\repos\c++\x64\debug\c++.tlog\rc.read.1.tlog
c:\users\李球安\source\repos\c++\x64\debug\c++.tlog\rc.write.1.tlog
